<?xml version="1.0" encoding="UTF-8"?>
<testng-results ignored="0" total="1" passed="1" failed="0" skipped="0">
  <reporter-output>
  </reporter-output>
  <suite started-at="2024-09-08T21:13:24 IST" name="Default suite" finished-at="2024-09-08T21:13:28 IST" duration-ms="4476">
    <groups>
    </groups>
    <test started-at="2024-09-08T21:13:24 IST" name="Default test" finished-at="2024-09-08T21:13:28 IST" duration-ms="4476">
      <class name="LoginTest">
        <test-method is-config="true" signature="setUp()[pri:0, instance:LoginTest@2b71e916]" started-at="2024-09-08T21:13:19 IST" name="setUp" finished-at="2024-09-08T21:13:24 IST" duration-ms="5230" status="PASS">
          <reporter-output>
          </reporter-output>
        </test-method> <!-- setUp -->
        <test-method signature="doLogin()[pri:0, instance:LoginTest@2b71e916]" started-at="2024-09-08T21:13:24 IST" name="doLogin" finished-at="2024-09-08T21:13:28 IST" duration-ms="4374" status="PASS">
          <reporter-output>
          </reporter-output>
        </test-method> <!-- doLogin -->
        <test-method is-config="true" signature="tearDown()[pri:0, instance:LoginTest@2b71e916]" started-at="2024-09-08T21:13:29 IST" name="tearDown" finished-at="2024-09-08T21:13:31 IST" duration-ms="2084" status="PASS">
          <reporter-output>
          </reporter-output>
        </test-method> <!-- tearDown -->
      </class> <!-- LoginTest -->
    </test> <!-- Default test -->
  </suite> <!-- Default suite -->
</testng-results>
